<?xml version="1.0" encoding="UTF-8"?>
<testsuite xmlns:xsi="http://www.w3.org/2001/XMLSchema-instance" xsi:noNamespaceSchemaLocation="https://maven.apache.org/surefire/maven-surefire-plugin/xsd/surefire-test-report-3.0.xsd" version="3.0" name="es.unican.is2.test.vehiculo.TurismoTest" time="0.066" tests="31" errors="0" skipped="0" failures="0">
  <properties>
[...]
</properties>
  <testcase name="testTurismo10" classname="es.unican.is2.test.vehiculo.TurismoTest" time="0.024"/>
  <testcase name="testTurismo11" classname="es.unican.is2.test.vehiculo.TurismoTest" time="0.0"/>
  <testcase name="testTurismo12" classname="es.unican.is2.test.vehiculo.TurismoTest" time="0.0"/>
  <testcase name="testTurismo13" classname="es.unican.is2.test.vehiculo.TurismoTest" time="0.0"/>
  <testcase name="testTurismo14" classname="es.unican.is2.test.vehiculo.TurismoTest" time="0.001"/>
  <testcase name="testTurismo15" classname="es.unican.is2.test.vehiculo.TurismoTest" time="0.001"/>
  <testcase name="testTurismo16" classname="es.unican.is2.test.vehiculo.TurismoTest" time="0.001"/>
  <testcase name="testTurismo17" classname="es.unican.is2.test.vehiculo.TurismoTest" time="0.001"/>
  <testcase name="testTurismo18" classname="es.unican.is2.test.vehiculo.TurismoTest" time="0.0"/>
  <testcase name="testTurismo19" classname="es.unican.is2.test.vehiculo.TurismoTest" time="0.0"/>
  <testcase name="testTurismo20" classname="es.unican.is2.test.vehiculo.TurismoTest" time="0.001"/>
  <testcase name="testTurismo21" classname="es.unican.is2.test.vehiculo.TurismoTest" time="0.0"/>
  <testcase name="testTurismo22" classname="es.unican.is2.test.vehiculo.TurismoTest" time="0.0"/>
  <testcase name="testTurismo23" classname="es.unican.is2.test.vehiculo.TurismoTest" time="0.001"/>
  <testcase name="testTurismo24" classname="es.unican.is2.test.vehiculo.TurismoTest" time="0.0"/>
  <testcase name="testTurismo25" classname="es.unican.is2.test.vehiculo.TurismoTest" time="0.0"/>
  <testcase name="testTurismo26" classname="es.unican.is2.test.vehiculo.TurismoTest" time="0.0"/>
  <testcase name="testTurismo27" classname="es.unican.is2.test.vehiculo.TurismoTest" time="0.004"/>
  <testcase name="testTurismo28" classname="es.unican.is2.test.vehiculo.TurismoTest" time="0.0"/>
  <testcase name="testTurismo44" classname="es.unican.is2.test.vehiculo.TurismoTest" time="0.001"/>
  <testcase name="testTurismo46" classname="es.unican.is2.test.vehiculo.TurismoTest" time="0.0"/>
  <testcase name="testTurismo1" classname="es.unican.is2.test.vehiculo.TurismoTest" time="0.001"/>
  <testcase name="testTurismo2" classname="es.unican.is2.test.vehiculo.TurismoTest" time="0.0"/>
  <testcase name="testTurismo3" classname="es.unican.is2.test.vehiculo.TurismoTest" time="0.0"/>
  <testcase name="testTurismo4" classname="es.unican.is2.test.vehiculo.TurismoTest" time="0.0"/>
  <testcase name="testTurismo5" classname="es.unican.is2.test.vehiculo.TurismoTest" time="0.0"/>
  <testcase name="testTurismo6" classname="es.unican.is2.test.vehiculo.TurismoTest" time="0.0"/>
  <testcase name="testTurismo7" classname="es.unican.is2.test.vehiculo.TurismoTest" time="0.0"/>
  <testcase name="testTurismo8" classname="es.unican.is2.test.vehiculo.TurismoTest" time="0.001"/>
  <testcase name="testTurismo9" classname="es.unican.is2.test.vehiculo.TurismoTest" time="0.0"/>
  <testcase name="testTipoMotorNoValido" classname="es.unican.is2.test.vehiculo.TurismoTest" time="0.001"/>
</testsuite>